[debug] ----------------------------------------------------------------------
[debug] Command:      /usr/local/Cellar/node/5.1.1/bin/node /usr/local/bin/firebase serve
[debug] CLI Version:  3.0.7
[debug] Platform:     darwin
[debug] Node Version: v5.1.1
[debug] Time:         Sat Sep 10 2016 10:58:16 GMT+0100 (BST)
[debug] ----------------------------------------------------------------------
[debug] 
[info] Starting Firebase development server...
[info] 
[info] Project Directory: /Users/wo-home/Documents/dev/deko-decks
[info] Public Directory: public
[info] 
[info] Server listening at: http://localhost:5000
[debug] ----------------------------------------------------------------------
[debug] Command:      /usr/local/Cellar/node/5.1.1/bin/node /usr/local/bin/firebase serve
[debug] CLI Version:  3.0.7
[debug] Platform:     darwin
[debug] Node Version: v5.1.1
[debug] Time:         Sat Sep 10 2016 12:32:42 GMT+0100 (BST)
[debug] ----------------------------------------------------------------------
[debug] 
[info] Starting Firebase development server...
[info] 
[info] Project Directory: /Users/wo-home/Documents/dev/deko-decks
[info] Public Directory: public
[info] 
[info] Server listening at: http://localhost:5000
